sample.interval=20000
"array" "metropolis" 
"isSymmetric" "rmvnorm" "jump.fun" "metropolis" 
"ifelse" "bactLoad.current" "ll.fun" "metropolis" 
"ll.fun" "metropolis" 
"ifelse" "igCurve.current" "ll.fun" "metropolis" 
"ifelse" "igCurve.current" "ll.fun" "metropolis" 
"rmvnorm" "jump.fun" "metropolis" 
"c" "jump.fun" "metropolis" 
"all.equal.numeric" "all.equal" "isTRUE" "rmvnorm" "jump.fun" "metropolis" 
"as.vector" "all.equal.numeric" "all.equal" "isTRUE" "rmvnorm" "jump.fun" "metropolis" 
"is.data.frame" "colnames<-" "rmvnorm" "jump.fun" "metropolis" 
"ifelse" "igCurve.current" "ll.fun" "metropolis" 
"grepl" "jump.fun" "metropolis" 
"is.na" "tabulate" "ll.infectiontimes.global" "ll.fun" "metropolis" 
"grepl" "jump.fun" "metropolis" 
"diag" "standardGeneric" "diag" "jump.fun" "metropolis" 
"all.equal.numeric" "all.equal" "isTRUE" "rmvnorm" "jump.fun" "metropolis" 
"grep" "ll.fun" "metropolis" 
"eval" "match.arg" "rmvnorm" "jump.fun" "metropolis" 
"eval" "match.arg" "rmvnorm" "jump.fun" "metropolis" 
"all.equal.numeric" "all.equal" "isSymmetric.matrix" "isSymmetric" "rmvnorm" "jump.fun" "metropolis" 
"c" "jump.fun" "metropolis" 
"all.equal.numeric" "all.equal" "isSymmetric.matrix" "isSymmetric" "rmvnorm" "jump.fun" "metropolis" 
"ifelse" "igCurve.current" "ll.fun" "metropolis" 
"chol.default" "chol" "rmvnorm" "jump.fun" "metropolis" 
"grep" "ll.fun" "metropolis" 
"chol.default" "chol" "rmvnorm" "jump.fun" "metropolis" 
"all" "all.equal.numeric" "all.equal" "isSymmetric.matrix" "isSymmetric" "rmvnorm" "jump.fun" "metropolis" 
"dmultinom" "ll.infectiontimes.global" "ll.fun" "metropolis" 
"grepl" "jump.fun" "metropolis" 
"is.na" "all.equal.numeric" "all.equal" "isSymmetric.matrix" "isSymmetric" "rmvnorm" "jump.fun" "metropolis" 
"lgamma" "dmultinom" "ll.infectiontimes.global" "ll.fun" "metropolis" 
"all.equal.numeric" "all.equal" "isTRUE" "rmvnorm" "jump.fun" "metropolis" 
"/" "jump.fun" "metropolis" 
"all.equal.numeric" "all.equal" "isTRUE" "rmvnorm" "jump.fun" "metropolis" 
"grepl" "jump.fun" "metropolis" 
"matrix" "rmvnorm" "jump.fun" "metropolis" 
"standardGeneric" "diag" "jump.fun" "metropolis" 
"grep" "ll.fun" "metropolis" 
"grepl" "jump.fun" "metropolis" 
"grepl" "jump.fun" "metropolis" 
"standardGeneric" "loadMethod" "standardGeneric" "diag" "jump.fun" "metropolis" 
"grep" "ll.fun" "metropolis" 
"all.equal.numeric" "all.equal" "isSymmetric.matrix" "isSymmetric" "rmvnorm" "jump.fun" "metropolis" 
"dlnorm" "curve.pars.prior" "ll.fun" "metropolis" 
"chol.default" "chol" "rmvnorm" "jump.fun" "metropolis" 
"ll.obs.delay" "ll.fun" "metropolis" 
"lapply" "unlist" "order" "rmvnorm" "jump.fun" "metropolis" 
"ll.infectiontimes.global" "ll.fun" "metropolis" 
"attr.all.equal" "all.equal.list" "all.equal" "attr.all.equal" "all.equal.numeric" "all.equal" "isTRUE" "rmvnorm" "jump.fun" "metropolis" 
"order" "rmvnorm" "jump.fun" "metropolis" 
"order" "rmvnorm" "jump.fun" "metropolis" 
"all.equal.numeric" "all.equal" "isTRUE" "rmvnorm" "jump.fun" "metropolis" 
"ifelse" "igCurve.current" "ll.fun" "metropolis" 
"as.vector" "all.equal.numeric" "all.equal" "isSymmetric.matrix" "isSymmetric" "rmvnorm" "jump.fun" "metropolis" 
"formals" "match.arg" "rmvnorm" "jump.fun" "metropolis" 
"chol.default" "chol" "rmvnorm" "jump.fun" "metropolis" 
"all.equal.numeric" "all.equal" "isTRUE" "rmvnorm" "jump.fun" "metropolis" 
"ifelse" "igCurve.current" "ll.fun" "metropolis" 
"grepl" "jump.fun" "metropolis" 
"rmvnorm" "jump.fun" "metropolis" 
"c" "jump.fun" "metropolis" 
"all.equal.numeric" "all.equal" "isTRUE" "rmvnorm" "jump.fun" "metropolis" 
"chol.default" "chol" "rmvnorm" "jump.fun" "metropolis" 
"rmvnorm" "jump.fun" "metropolis" 
"grepl" "jump.fun" "metropolis" 
"all.equal.numeric" "all.equal" "isSymmetric.matrix" "isSymmetric" "rmvnorm" "jump.fun" "metropolis" 
"c" "jump.fun" "metropolis" 
"dmultinom" "ll.infectiontimes.global" "ll.fun" "metropolis" 
"grepl" "jump.fun" "metropolis" 
"grepl" "jump.fun" "metropolis" 
"attr.all.equal" "all.equal.list" "all.equal" "attr.all.equal" "all.equal.numeric" "all.equal" "isTRUE" "rmvnorm" "jump.fun" "metropolis" 
"c" "match" "%in%" "deparse" "eval" "match.arg" "rmvnorm" "jump.fun" "metropolis" 
"sdlog.prior" "ll.fun" "metropolis" 
"dmultinom" "ll.infectiontimes.global" "ll.fun" "metropolis" 
"%in%" "deparse" "eval" "match.arg" "rmvnorm" "jump.fun" "metropolis" 
"grep" "ll.fun" "metropolis" 
"grepl" "jump.fun" "metropolis" 
"grep" "ll.fun" "metropolis" 
"rmvnorm" "jump.fun" "metropolis" 
"attr.all.equal" "all.equal.list" "all.equal" "attr.all.equal" "all.equal.numeric" "all.equal" "isTRUE" "rmvnorm" "jump.fun" "metropolis" 
"ifelse" "bactLoad.current" "ll.fun" "metropolis" 
"grep" "ll.fun" "metropolis" 
"ll.infectiontimes.global" "ll.fun" "metropolis" 
"grep" "ll.fun" "metropolis" 
"%*%" "rmvnorm" "jump.fun" "metropolis" 
"as.vector" "all.equal.numeric" "all.equal" "isSymmetric.matrix" "isSymmetric" "rmvnorm" "jump.fun" "metropolis" 
"c" "paste" "jump.fun" "metropolis" 
"ll.fun" "metropolis" 
"grep" "ll.fun" "metropolis" 
"lgamma" "dmultinom" "ll.infectiontimes.global" "ll.fun" "metropolis" 
"loadMethod" "standardGeneric" "loadMethod" "standardGeneric" "diag" "jump.fun" "metropolis" 
"grepl" "jump.fun" "metropolis" 
"ll.fun" "metropolis" 
"jump.fun" "metropolis" 
"all.equal.numeric" "all.equal" "isSymmetric.matrix" "isSymmetric" "rmvnorm" "jump.fun" "metropolis" 
"ifelse" "igCurve.current" "ll.fun" "metropolis" 
"grepl" "jump.fun" "metropolis" 
"grepl" "jump.fun" "metropolis" 
"chol.default" "chol" "rmvnorm" "jump.fun" "metropolis" 
"+" "ifelse" "igCurve.current" "ll.fun" "metropolis" 
"grepl" "jump.fun" "metropolis" 
"grep" "ll.fun" "metropolis" 
"mode" "data.class" "all.equal.character" "attr.all.equal" "all.equal.list" "all.equal" "attr.all.equal" "all.equal.numeric" "all.equal" "isTRUE" "rmvnorm" "jump.fun" "metropolis" 
"isTRUE" "isSymmetric.matrix" "isSymmetric" "rmvnorm" "jump.fun" "metropolis" 
"grepl" "jump.fun" "metropolis" 
"is.function" "match.fun" "lapply" "unlist" "order" "rmvnorm" "jump.fun" "metropolis" 
"bactLoad.current" "ll.fun" "metropolis" 
"t" "data.class" "all.equal.numeric" "all.equal" "isSymmetric.matrix" "isSymmetric" "rmvnorm" "jump.fun" "metropolis" 
"all.equal.list" "all.equal" "attr.all.equal" "all.equal.numeric" "all.equal" "isTRUE" "rmvnorm" "jump.fun" "metropolis" 
"lgamma" "dmultinom" "ll.infectiontimes.global" "ll.fun" "metropolis" 
"lapply" "unlist" "order" "rmvnorm" "jump.fun" "metropolis" 
"all.equal.numeric" "all.equal" "isSymmetric.matrix" "isSymmetric" "rmvnorm" "jump.fun" "metropolis" 
"grep" "ll.fun" "metropolis" 
"aperm" "sweep" "rmvnorm" "jump.fun" "metropolis" 
"rmvnorm" "jump.fun" "metropolis" 
"grepl" "jump.fun" "metropolis" 
"grepl" "jump.fun" "metropolis" 
"all.equal.numeric" "all.equal" "isSymmetric.matrix" "isSymmetric" "rmvnorm" "jump.fun" "metropolis" 
"metropolis" 
"match.fun" "lapply" "unlist" "order" "aperm.default" "aperm" "sweep" "rmvnorm" "jump.fun" "metropolis" 
"tabulate" "ll.infectiontimes.global" "ll.fun" "metropolis" 
"grep" "ll.fun" "metropolis" 
"ll.fun" "metropolis" 
"order" "aperm.default" "aperm" "sweep" "rmvnorm" "jump.fun" "metropolis" 
"all.equal.numeric" "all.equal" "isSymmetric.matrix" "isSymmetric" "rmvnorm" "jump.fun" "metropolis" 
"matrix" "rmvnorm" "jump.fun" "metropolis" 
"matrix" "rmvnorm" "jump.fun" "metropolis" 
"dmultinom" "ll.infectiontimes.global" "ll.fun" "metropolis" 
"+" "metropolis" 
"aperm.default" "aperm" "sweep" "rmvnorm" "jump.fun" "metropolis" 
"*" "metropolis" 
"eigen" "is.positive.semidefinite" "metropolis" 
"is.factor" "order" "aperm.default" "aperm" "sweep" "rmvnorm" "jump.fun" "metropolis" 
"grep" "ll.fun" "metropolis" 
"ll.obs.delay" "ll.fun" "metropolis" 
"ifelse" "bactLoad.current" "ll.fun" "metropolis" 
"grep" "ll.fun" "metropolis" 
"eigen" "is.positive.semidefinite" "metropolis" 
"eigen" "is.positive.semidefinite" "metropolis" 
"eigen" "is.positive.semidefinite" "metropolis" 
"rmvnorm" "jump.fun" "metropolis" 
"t" "data.class" "all.equal.numeric" "all.equal" "isSymmetric.matrix" "isSymmetric" "rmvnorm" "jump.fun" "metropolis" 
"grep" "ll.fun" "metropolis" 
"grepl" "jump.fun" "metropolis" 
"all.equal" "all.equal.list" "all.equal" "attr.all.equal" "all.equal.numeric" "all.equal" "isTRUE" "rmvnorm" "jump.fun" "metropolis" 
"eigen" "is.positive.semidefinite" "metropolis" 
"is.symmetric.matrix" "is.positive.semidefinite" "metropolis" 
"t" "standardGeneric" "t" "metropolis" 
"chol" "rmvnorm" "jump.fun" "metropolis" 
"chol" "rmvnorm" "jump.fun" "metropolis" 
"any" "all.equal.numeric" "all.equal" "isSymmetric.matrix" "isSymmetric" "rmvnorm" "jump.fun" "metropolis" 
"all.equal.numeric" "all.equal" "isTRUE" "rmvnorm" "jump.fun" "metropolis" 
"all.equal.numeric" "all.equal" "isSymmetric.matrix" "isSymmetric" "rmvnorm" "jump.fun" "metropolis" 
"eigen" "is.positive.semidefinite" "metropolis" 
"eigen" "is.positive.semidefinite" "metropolis" 
"grep" "ll.fun" "metropolis" 
"attr.all.equal" "all.equal.numeric" "all.equal" "isTRUE" "rmvnorm" "jump.fun" "metropolis" 
"as.vector" "all.equal.numeric" "all.equal" "isSymmetric.matrix" "isSymmetric" "rmvnorm" "jump.fun" "metropolis" 
"/" "metropolis" 
"chol.default" "chol" "rmvnorm" "jump.fun" "metropolis" 
".deparseOpts" "deparse" "eval" "match.arg" "rmvnorm" "jump.fun" "metropolis" 
"eigen" "is.positive.semidefinite" "metropolis" 
"*" "metropolis" 
"grep" "ll.fun" "metropolis" 
"ifelse" "igCurve.current" "ll.fun" "metropolis" 
"pmatch" ".deparseOpts" "deparse" "eval" "match.arg" "rmvnorm" "jump.fun" "metropolis" 
"rev" "eigen" "is.positive.semidefinite" "metropolis" 
"order" "rmvnorm" "jump.fun" "metropolis" 
"order" "rmvnorm" "jump.fun" "metropolis" 
"all.equal" "isSymmetric.matrix" "isSymmetric" "rmvnorm" "jump.fun" "metropolis" 
"rev" "eigen" "is.positive.semidefinite" "metropolis" 
"ifelse" "igCurve.current" "ll.fun" "metropolis" 
"ifelse" "igCurve.current" "ll.fun" "metropolis" 
"order" "attr.all.equal" "all.equal.numeric" "all.equal" "isTRUE" "rmvnorm" "jump.fun" "metropolis" 
"metropolis" 
"eigen" "is.positive.semidefinite" "metropolis" 
"chol.default" "chol" "rmvnorm" "jump.fun" "metropolis" 
"eigen" "is.positive.semidefinite" "metropolis" 
"eigen" "is.positive.semidefinite" "metropolis" 
"all.equal.numeric" "all.equal" "isTRUE" "rmvnorm" "jump.fun" "metropolis" 
"/" "metropolis" 
"grepl" "jump.fun" "metropolis" 
"eigen" "is.positive.semidefinite" "metropolis" 
"eigen" "is.positive.semidefinite" "metropolis" 
"grepl" "jump.fun" "metropolis" 
"eigen" "is.positive.semidefinite" "metropolis" 
"eigen" "is.positive.semidefinite" "metropolis" 
"*" "metropolis" 
"all.equal.numeric" "all.equal" "isTRUE" "rmvnorm" "jump.fun" "metropolis" 
"eigen" "is.positive.semidefinite" "metropolis" 
"standardGeneric" "t" "metropolis" 
"grepl" "jump.fun" "metropolis" 
"eigen" "is.positive.semidefinite" "metropolis" 
"ifelse" "igCurve.current" "ll.fun" "metropolis" 
"all.equal.numeric" "all.equal" "isTRUE" "rmvnorm" "jump.fun" "metropolis" 
"as.vector" "all.equal.numeric" "all.equal" "isSymmetric.matrix" "isSymmetric" "rmvnorm" "jump.fun" "metropolis" 
"/" "metropolis" 
"/" "metropolis" 
"all.equal.numeric" "all.equal" "isTRUE" "rmvnorm" "jump.fun" "metropolis" 
"eigen" "is.positive.semidefinite" "metropolis" 
"standardGeneric" "t" "metropolis" 
"grep" "ll.fun" "metropolis" 
"eigen" "is.positive.semidefinite" "metropolis" 
"metropolis" 
"grep" "ll.fun" "metropolis" 
".External" "rnorm" "matrix" "rmvnorm" "jump.fun" "metropolis" 
"grepl" "jump.fun" "metropolis" 
"grepl" "jump.fun" "metropolis" 
"eigen" "is.positive.semidefinite" "metropolis" 
"grepl" "jump.fun" "metropolis" 
"t.default" "t" "is.symmetric.matrix" "is.positive.semidefinite" "metropolis" 
"as.integer" "tabulate" "ll.infectiontimes.global" "ll.fun" "metropolis" 
"dmultinom" "ll.infectiontimes.global" "ll.fun" "metropolis" 
"eigen" "is.positive.semidefinite" "metropolis" 
"dmultinom" "ll.infectiontimes.global" "ll.fun" "metropolis" 
"as.vector" "all.equal.numeric" "all.equal" "all.equal.list" "all.equal" "attr.all.equal" "all.equal.numeric" "all.equal" "isTRUE" "rmvnorm" "jump.fun" "metropolis" 
"diag" "standardGeneric" "diag" "metropolis" 
"grep" "ll.fun" "metropolis" 
"eval" "match.arg" "rmvnorm" "jump.fun" "metropolis" 
"order" "rmvnorm" "jump.fun" "metropolis" 
"c" "jump.fun" "metropolis" 
"standardGeneric" "loadMethod" "standardGeneric" "t" "metropolis" 
"eigen" "is.positive.semidefinite" "metropolis" 
"lgamma" "dmultinom" "ll.infectiontimes.global" "ll.fun" "metropolis" 
"grepl" "jump.fun" "metropolis" 
"eigen" "is.positive.semidefinite" "metropolis" 
"all" "dmultinom" "ll.infectiontimes.global" "ll.fun" "metropolis" 
"all.equal.numeric" "all.equal" "isTRUE" "rmvnorm" "jump.fun" "metropolis" 
"eigen" "is.positive.semidefinite" "metropolis" 
"eigen" "is.positive.semidefinite" "metropolis" 
"all.equal.numeric" "all.equal" "isTRUE" "rmvnorm" "jump.fun" "metropolis" 
"all.equal.numeric" "all.equal" "isSymmetric.matrix" "isSymmetric" "rmvnorm" "jump.fun" "metropolis" 
"eigen" "is.positive.semidefinite" "metropolis" 
"*" "metropolis" 
"eigen" "is.positive.semidefinite" "metropolis" 
"t.default" "t" "standardGeneric" "t" "metropolis" 
"all.equal.numeric" "all.equal" "isTRUE" "rmvnorm" "jump.fun" "metropolis" 
"eigen" "is.positive.semidefinite" "metropolis" 
"eigen" "is.positive.semidefinite" "metropolis" 
"*" "ifelse" "igCurve.current" "ll.fun" "metropolis" 
"all.equal.numeric" "all.equal" "isTRUE" "rmvnorm" "jump.fun" "metropolis" 
"eigen" "is.positive.semidefinite" "metropolis" 
"grepl" "jump.fun" "metropolis" 
"eigen" "is.positive.semidefinite" "metropolis" 
"eigen" "is.positive.semidefinite" "metropolis" 
"eigen" "is.positive.semidefinite" "metropolis" 
"rmvnorm" "jump.fun" "metropolis" 
"rmvnorm" "jump.fun" "metropolis" 
"+" "tabulate" "ll.infectiontimes.global" "ll.fun" "metropolis" 
"eigen" "is.positive.semidefinite" "metropolis" 
"grepl" "jump.fun" "metropolis" 
"all.equal" "attr.all.equal" "all.equal.numeric" "all.equal" "isTRUE" "rmvnorm" "jump.fun" "metropolis" 
"eigen" "is.positive.semidefinite" "metropolis" 
"grepl" "jump.fun" "metropolis" 
".External" "dlnorm" "curve.pars.prior" "ll.fun" "metropolis" 
"*" "ifelse" "igCurve.current" "ll.fun" "metropolis" 
"order" "aperm.default" "aperm" "sweep" "rmvnorm" "jump.fun" "metropolis" 
"eigen" "is.positive.semidefinite" "metropolis" 
"c" "jump.fun" "metropolis" 
"eigen" "is.positive.semidefinite" "metropolis" 
"is.symmetric.matrix" "is.positive.semidefinite" "metropolis" 
"ifelse" "bactLoad.current" "ll.fun" "metropolis" 
"eigen" "is.positive.semidefinite" "metropolis" 
"all.equal.numeric" "all.equal" "isSymmetric.matrix" "isSymmetric" "rmvnorm" "jump.fun" "metropolis" 
"/" "metropolis" 
"lgamma" "dmultinom" "ll.infectiontimes.global" "ll.fun" "metropolis" 
"match.fun" "lapply" "unlist" "order" "attr.all.equal" "all.equal.numeric" "all.equal" "isTRUE" "rmvnorm" "jump.fun" "metropolis" 
"t" "standardGeneric" "t" "metropolis" 
"grep" "ll.fun" "metropolis" 
"is.na" "all.equal.numeric" "all.equal" "isSymmetric.matrix" "isSymmetric" "rmvnorm" "jump.fun" "metropolis" 
"eigen" "is.positive.semidefinite" "metropolis" 
"all.equal.numeric" "all.equal" "isSymmetric.matrix" "isSymmetric" "rmvnorm" "jump.fun" "metropolis" 
"attr.all.equal" "all.equal.list" "all.equal" "attr.all.equal" "all.equal.numeric" "all.equal" "isTRUE" "rmvnorm" "jump.fun" "metropolis" 
"+" "metropolis" 
"grepl" "jump.fun" "metropolis" 
"is.na" "all.equal.numeric" "all.equal" "isSymmetric.matrix" "isSymmetric" "rmvnorm" "jump.fun" "metropolis" 
"grep" "ll.fun" "metropolis" 
"order" "attr.all.equal" "all.equal.numeric" "all.equal" "isTRUE" "rmvnorm" "jump.fun" "metropolis" 
"eigen" "is.positive.semidefinite" "metropolis" 
"metropolis" 
"+" "metropolis" 
"order" "rmvnorm" "jump.fun" "metropolis" 
"t" "data.class" "all.equal.numeric" "all.equal" "isSymmetric.matrix" "isSymmetric" "rmvnorm" "jump.fun" "metropolis" 
"mode" "attr.all.equal" "all.equal.numeric" "all.equal" "isTRUE" "rmvnorm" "jump.fun" "metropolis" 
"rmvnorm" "jump.fun" "metropolis" 
"eigen" "is.positive.semidefinite" "metropolis" 
"metropolis" 
"grepl" "jump.fun" "metropolis" 
"eigen" "is.positive.semidefinite" "metropolis" 
"sum" "dmultinom" "ll.infectiontimes.global" "ll.fun" "metropolis" 
"grepl" "jump.fun" "metropolis" 
"rev" "eigen" "is.positive.semidefinite" "metropolis" 
"as.matrix" "eigen" "is.positive.semidefinite" "metropolis" 
"all.equal.numeric" "all.equal" "isTRUE" "rmvnorm" "jump.fun" "metropolis" 
"eigen" "is.positive.semidefinite" "metropolis" 
"is.list" "eval" "match.arg" "rmvnorm" "jump.fun" "metropolis" 
"is.list" "eval" "match.arg" "rmvnorm" "jump.fun" "metropolis" 
"eigen" "is.positive.semidefinite" "metropolis" 
"ll.obs.delay" "ll.fun" "metropolis" 
"all.equal.numeric" "all.equal" "isTRUE" "rmvnorm" "jump.fun" "metropolis" 
"eigen" "is.positive.semidefinite" "metropolis" 
"eigen" "is.positive.semidefinite" "metropolis" 
"grep" "ll.fun" "metropolis" 
"eigen" "is.positive.semidefinite" "metropolis" 
"*" "metropolis" 
"dmultinom" "ll.infectiontimes.global" "ll.fun" "metropolis" 
"grep" "ll.fun" "metropolis" 
"eigen" "is.positive.semidefinite" "metropolis" 
"standardGeneric" "diag" "metropolis" 
"grep" "ll.fun" "metropolis" 
"match.arg" "rmvnorm" "jump.fun" "metropolis" 
"/" "metropolis" 
"chol.default" "chol" "rmvnorm" "jump.fun" "metropolis" 
"as.vector" "all.equal.numeric" "all.equal" "isSymmetric.matrix" "isSymmetric" "rmvnorm" "jump.fun" "metropolis" 
"eigen" "is.positive.semidefinite" "metropolis" 
"eigen" "is.positive.semidefinite" "metropolis" 
"-" "deparse" "eval" "match.arg" "rmvnorm" "jump.fun" "metropolis" 
"*" "metropolis" 
"all.equal.numeric" "all.equal" "isSymmetric.matrix" "isSymmetric" "rmvnorm" "jump.fun" "metropolis" 
"rnorm" "matrix" "rmvnorm" "jump.fun" "metropolis" 
"rnorm" "matrix" "rmvnorm" "jump.fun" "metropolis" 
"rnorm" "matrix" "rmvnorm" "jump.fun" "metropolis" 
"rnorm" "matrix" "rmvnorm" "jump.fun" "metropolis" 
"rnorm" "matrix" "rmvnorm" "jump.fun" "metropolis" 
"rnorm" "matrix" "rmvnorm" "jump.fun" "metropolis" 
"t" "standardGeneric" "t" "metropolis" 
"grepl" "jump.fun" "metropolis" 
"attr.all.equal" "all.equal.character" "attr.all.equal" "all.equal.list" "all.equal" "attr.all.equal" "all.equal.numeric" "all.equal" "isTRUE" "rmvnorm" "jump.fun" "metropolis" 
"eigen" "is.positive.semidefinite" "metropolis" 
"grepl" "jump.fun" "metropolis" 
"eigen" "is.positive.semidefinite" "metropolis" 
"+" "metropolis" 
"grep" "ll.fun" "metropolis" 
"all.equal" "all.equal.list" "all.equal" "attr.all.equal" "all.equal.numeric" "all.equal" "isTRUE" "rmvnorm" "jump.fun" "metropolis" 
"sweep" "rmvnorm" "jump.fun" "metropolis" 
"eigen" "is.positive.semidefinite" "metropolis" 
"is.symmetric.matrix" "is.positive.semidefinite" "metropolis" 
"grep" "ll.fun" "metropolis" 
"eigen" "is.positive.semidefinite" "metropolis" 
"%*%" "metropolis" 
"all.equal.numeric" "all.equal" "isTRUE" "rmvnorm" "jump.fun" "metropolis" 
"cat" "metropolis" 
"grep" "ll.fun" "metropolis" 
"all.equal.numeric" "all.equal" "isTRUE" "rmvnorm" "jump.fun" "metropolis" 
"all.equal.numeric" "all.equal" "isSymmetric.matrix" "isSymmetric" "rmvnorm" "jump.fun" "metropolis" 
"eigen" "is.positive.semidefinite" "metropolis" 
".External" "rnorm" "matrix" "rmvnorm" "jump.fun" "metropolis" 
"eigen" "is.positive.semidefinite" "metropolis" 
"grepl" "jump.fun" "metropolis" 
"grepl" "jump.fun" "metropolis" 
"invlogit" "ll.fun" "metropolis" 
"mode" "attr.all.equal" "all.equal.numeric" "all.equal" "all.equal.list" "all.equal" "attr.all.equal" "all.equal.numeric" "all.equal" "isTRUE" "rmvnorm" "jump.fun" "metropolis" 
"%*%" "metropolis" 
"order" "aperm.default" "aperm" "sweep" "rmvnorm" "jump.fun" "metropolis" 
"isSymmetric" "rmvnorm" "jump.fun" "metropolis" 
"all.equal.list" "all.equal" "attr.all.equal" "all.equal.numeric" "all.equal" "isTRUE" "rmvnorm" "jump.fun" "metropolis" 
"isSymmetric.matrix" "isSymmetric" "rmvnorm" "jump.fun" "metropolis" 
"all.equal.numeric" "all.equal" "isSymmetric.matrix" "isSymmetric" "rmvnorm" "jump.fun" "metropolis" 
"chol.default" "chol" "rmvnorm" "jump.fun" "metropolis" 
"chol.default" "chol" "rmvnorm" "jump.fun" "metropolis" 
"as.vector" "all.equal.numeric" "all.equal" "isTRUE" "rmvnorm" "jump.fun" "metropolis" 
"grepl" "jump.fun" "metropolis" 
"as.vector" "all.equal.numeric" "all.equal" "isTRUE" "rmvnorm" "jump.fun" "metropolis" 
"ifelse" "igCurve.current" "ll.fun" "metropolis" 
"grepl" "jump.fun" "metropolis" 
"c" "jump.fun" "metropolis" 
"grep" "ll.fun" "metropolis" 
"grep" "ll.fun" "metropolis" 
"all.equal.numeric" "all.equal" "isSymmetric.matrix" "isSymmetric" "rmvnorm" "jump.fun" "metropolis" 
"dmultinom" "ll.infectiontimes.global" "ll.fun" "metropolis" 
"dlnorm" "ll.ab" "ll.fun" "metropolis" 
"grepl" "jump.fun" "metropolis" 
"rmvnorm" "jump.fun" "metropolis" 
"isTRUE" "rmvnorm" "jump.fun" "metropolis" 
"sum" ".deparseOpts" "deparse" "eval" "match.arg" "rmvnorm" "jump.fun" "metropolis" 
"isSymmetric" "rmvnorm" "jump.fun" "metropolis" 
"grepl" "jump.fun" "metropolis" 
"chol.default" "chol" "rmvnorm" "jump.fun" "metropolis" 
"dmultinom" "ll.infectiontimes.global" "ll.fun" "metropolis" 
"all.equal.numeric" "all.equal" "isTRUE" "rmvnorm" "jump.fun" "metropolis" 
"rmvnorm" "jump.fun" "metropolis" 
"+" "ifelse" "igCurve.current" "ll.fun" "metropolis" 
"grepl" "jump.fun" "metropolis" 
"ifelse" "bactLoad.current" "ll.fun" "metropolis" 
"grep" "ll.fun" "metropolis" 
"rmvnorm" "jump.fun" "metropolis" 
"<" "ll.infectiontimes.global" "ll.fun" "metropolis" 
"any" ".deparseOpts" "deparse" "eval" "match.arg" "rmvnorm" "jump.fun" "metropolis" 
"cat" "metropolis" 
"all.equal.numeric" "all.equal" "isTRUE" "rmvnorm" "jump.fun" "metropolis" 
"deparse" "eval" "match.arg" "rmvnorm" "jump.fun" "metropolis" 
"ifelse" "igCurve.current" "ll.fun" "metropolis" 
"ifelse" "igCurve.current" "ll.fun" "metropolis" 
"aperm" "sweep" "rmvnorm" "jump.fun" "metropolis" 
"all.equal.numeric" "all.equal" "isSymmetric.matrix" "isSymmetric" "rmvnorm" "jump.fun" "metropolis" 
"grep" "ll.fun" "metropolis" 
"all.equal.numeric" "all.equal" "isTRUE" "rmvnorm" "jump.fun" "metropolis" 
"nrow" "rmvnorm" "jump.fun" "metropolis" 
"grepl" "jump.fun" "metropolis" 
"grep" "ll.fun" "metropolis" 
"ifelse" "igCurve.current" "ll.fun" "metropolis" 
"grep" "ll.fun" "metropolis" 
"all.equal.numeric" "all.equal" "isTRUE" "rmvnorm" "jump.fun" "metropolis" 
"grep" "ll.fun" "metropolis" 
"match.arg" "rmvnorm" "jump.fun" "metropolis" 
"dlnorm" "curve.pars.prior" "ll.fun" "metropolis" 
"floor" "tabulate" "ll.infectiontimes.global" "ll.fun" "metropolis" 
"cat" "metropolis" 
"grep" "ll.fun" "metropolis" 
"grep" "ll.fun" "metropolis" 
"all.equal.numeric" "all.equal" "isSymmetric.matrix" "isSymmetric" "rmvnorm" "jump.fun" "metropolis" 
"ifelse" "bactLoad.current" "ll.fun" "metropolis" 
"grep" "ll.fun" "metropolis" 
"all.equal.numeric" "all.equal" "isTRUE" "rmvnorm" "jump.fun" "metropolis" 
"all.equal.numeric" "all.equal" "isSymmetric.matrix" "isSymmetric" "rmvnorm" "jump.fun" "metropolis" 
"seq_along" "sweep" "rmvnorm" "jump.fun" "metropolis" 
"rmvnorm" "jump.fun" "metropolis" 
"ifelse" "igCurve.current" "ll.fun" "metropolis" 
"grepl" "jump.fun" "metropolis" 
"all.equal.numeric" "all.equal" "isSymmetric.matrix" "isSymmetric" "rmvnorm" "jump.fun" "metropolis" 
"grep" "ll.fun" "metropolis" 
"grepl" "jump.fun" "metropolis" 
"dmultinom" "ll.infectiontimes.global" "ll.fun" "metropolis" 
"dmultinom" "ll.infectiontimes.global" "ll.fun" "metropolis" 
"ll.fun" "metropolis" 
"dmultinom" "ll.infectiontimes.global" "ll.fun" "metropolis" 
"all.equal.numeric" "all.equal" "isTRUE" "rmvnorm" "jump.fun" "metropolis" 
"grepl" "jump.fun" "metropolis" 
"bactLoad" "ll.fun" "metropolis" 
"bactLoad.current" "ll.fun" "metropolis" 
"any" "all.equal.numeric" "all.equal" "isSymmetric.matrix" "isSymmetric" "rmvnorm" "jump.fun" "metropolis" 
"ifelse" "bactLoad.current" "ll.fun" "metropolis" 
"ifelse" "igCurve.current" "ll.fun" "metropolis" 
"order" "aperm.default" "aperm" "sweep" "rmvnorm" "jump.fun" "metropolis" 
"all.equal.numeric" "all.equal" "isTRUE" "rmvnorm" "jump.fun" "metropolis" 
"grepl" "jump.fun" "metropolis" 
"rmvnorm" "jump.fun" "metropolis" 
"ll.fun" "metropolis" 
"grep" "ll.fun" "metropolis" 
"all" "all.equal.numeric" "all.equal" "isTRUE" "rmvnorm" "jump.fun" "metropolis" 
"grep" "ll.fun" "metropolis" 
"isSymmetric" "rmvnorm" "jump.fun" "metropolis" 
"standardGeneric" "loadMethod" "standardGeneric" "diag" "jump.fun" "metropolis" 
"standardGeneric" "diag" "jump.fun" "metropolis" 
"dlnorm" "curve.pars.prior" "ll.fun" "metropolis" 
"ll.fun" "metropolis" 
"grepl" "jump.fun" "metropolis" 
"metropolis" 
"ifelse" "igCurve.current" "ll.fun" "metropolis" 
"grep" "ll.fun" "metropolis" 
"chol.default" "chol" "rmvnorm" "jump.fun" "metropolis" 
"grep" "ll.fun" "metropolis" 
"as.vector" "all.equal.numeric" "all.equal" "isSymmetric.matrix" "isSymmetric" "rmvnorm" "jump.fun" "metropolis" 
"all.equal.numeric" "all.equal" "isSymmetric.matrix" "isSymmetric" "rmvnorm" "jump.fun" "metropolis" 
"grepl" "jump.fun" "metropolis" 
"jump.fun" "metropolis" 
"t.default" "t" "data.class" "all.equal.numeric" "all.equal" "isSymmetric.matrix" "isSymmetric" "rmvnorm" "jump.fun" "metropolis" 
".External" "dlnorm" "curve.pars.prior" "ll.fun" "metropolis" 
"grepl" "jump.fun" "metropolis" 
"cat" "metropolis" 
"t" "mode" "attr.all.equal" "all.equal.numeric" "all.equal" "isTRUE" "rmvnorm" "jump.fun" "metropolis" 
"all.equal.numeric" "all.equal" "isTRUE" "rmvnorm" "jump.fun" "metropolis" 
"all.equal.numeric" "all.equal" "isTRUE" "rmvnorm" "jump.fun" "metropolis" 
"ll.infectiontimes.global" "ll.fun" "metropolis" 
"grepl" "jump.fun" "metropolis" 
"*" "ifelse" "igCurve.current" "ll.fun" "metropolis" 
"order" "attr.all.equal" "all.equal.numeric" "all.equal" "isTRUE" "rmvnorm" "jump.fun" "metropolis" 
"all.equal.numeric" "all.equal" "isTRUE" "rmvnorm" "jump.fun" "metropolis" 
"matrix" "rmvnorm" "jump.fun" "metropolis" 
"all.equal.numeric" "all.equal" "isTRUE" "rmvnorm" "jump.fun" "metropolis" 
"/" "ifelse" "igCurve.current" "ll.fun" "metropolis" 
"grepl" "jump.fun" "metropolis" 
"chol" "rmvnorm" "jump.fun" "metropolis" 
"grep" "ll.fun" "metropolis" 
"dlnorm" "curve.pars.prior" "ll.fun" "metropolis" 
"order" "attr.all.equal" "all.equal.numeric" "all.equal" "isTRUE" "rmvnorm" "jump.fun" "metropolis" 
"grepl" "jump.fun" "metropolis" 
"metropolis" 
"data.class" "all.equal.character" "attr.all.equal" "all.equal.list" "all.equal" "attr.all.equal" "all.equal.numeric" "all.equal" "isTRUE" "rmvnorm" "jump.fun" "metropolis" 
"data.class" "all.equal.character" "attr.all.equal" "all.equal.list" "all.equal" "attr.all.equal" "all.equal.numeric" "all.equal" "isTRUE" "rmvnorm" "jump.fun" "metropolis" 
"exp" "ifelse" "igCurve.current" "ll.fun" "metropolis" 
".Call" "cov" "metropolis" 
"ifelse" "igCurve.current" "ll.fun" "metropolis" 
"*" "metropolis" 
"eigen" "is.positive.semidefinite" "metropolis" 
"metropolis" 
"eigen" "is.positive.semidefinite" "metropolis" 
"order" "rmvnorm" "jump.fun" "metropolis" 
"t" "standardGeneric" "t" "metropolis" 
"jump.fun" "metropolis" 
"order" "attr.all.equal" "all.equal.numeric" "all.equal" "isTRUE" "rmvnorm" "jump.fun" "metropolis" 
"standardGeneric" "t" "metropolis" 
"lgamma" "dmultinom" "ll.infectiontimes.global" "ll.fun" "metropolis" 
"attr.all.equal" "all.equal.numeric" "all.equal" "isTRUE" "rmvnorm" "jump.fun" "metropolis" 
"eigen" "is.positive.semidefinite" "metropolis" 
"ifelse" "igCurve.current" "ll.fun" "metropolis" 
"all.equal.numeric" "all.equal" "isTRUE" "rmvnorm" "jump.fun" "metropolis" 
"/" "metropolis" 
"chol.default" "chol" "rmvnorm" "jump.fun" "metropolis" 
"eigen" "is.positive.semidefinite" "metropolis" 
"jump.fun" "metropolis" 
"as.vector" "all.equal.numeric" "all.equal" "isSymmetric.matrix" "isSymmetric" "rmvnorm" "jump.fun" "metropolis" 
"grepl" "jump.fun" "metropolis" 
"dmultinom" "ll.infectiontimes.global" "ll.fun" "metropolis" 
"eigen" "is.positive.semidefinite" "metropolis" 
"exp" "dlnorm" "curve.pars.prior" "ll.fun" "metropolis" 
"is.na" "all.equal.numeric" "all.equal" "isSymmetric.matrix" "isSymmetric" "rmvnorm" "jump.fun" "metropolis" 
"ifelse" "igCurve.current" "ll.fun" "metropolis" 
"eigen" "is.positive.semidefinite" "metropolis" 
"sweep" "rmvnorm" "jump.fun" "metropolis" 
"eigen" "is.positive.semidefinite" "metropolis" 
"data.class" "all.equal.numeric" "all.equal" "isSymmetric.matrix" "isSymmetric" "rmvnorm" "jump.fun" "metropolis" 
"grepl" "jump.fun" "metropolis" 
"eigen" "is.positive.semidefinite" "metropolis" 
"as.vector" "all.equal.numeric" "all.equal" "all.equal.list" "all.equal" "attr.all.equal" "all.equal.numeric" "all.equal" "isTRUE" "rmvnorm" "jump.fun" "metropolis" 
"dlnorm" "curve.pars.prior" "ll.fun" "metropolis" 
"eigen" "is.positive.semidefinite" "metropolis" 
"eigen" "is.positive.semidefinite" "metropolis" 
"names" "grepl" "jump.fun" "metropolis" 
"eigen" "is.positive.semidefinite" "metropolis" 
"grepl" "jump.fun" "metropolis" 
"eigen" "is.positive.semidefinite" "metropolis" 
"%*%" "rmvnorm" "jump.fun" "metropolis" 
"eigen" "is.positive.semidefinite" "metropolis" 
"bactLoad" "ll.fun" "metropolis" 
"all.equal.numeric" "all.equal" "isTRUE" "rmvnorm" "jump.fun" "metropolis" 
"sum" "dmultinom" "ll.infectiontimes.global" "ll.fun" "metropolis" 
"is.na" "all.equal.numeric" "all.equal" "isTRUE" "rmvnorm" "jump.fun" "metropolis" 
"matrix" "rmvnorm" "jump.fun" "metropolis" 
"matrix" "rmvnorm" "jump.fun" "metropolis" 
"*" "metropolis" 
"*" "ifelse" "igCurve.current" "ll.fun" "metropolis" 
"+" "metropolis" 
"grep" "ll.fun" "metropolis" 
"metropolis" 
"eigen" "is.positive.semidefinite" "metropolis" 
"mode" "data.class" "all.equal.numeric" "all.equal" "all.equal.list" "all.equal" "attr.all.equal" "all.equal.numeric" "all.equal" "isTRUE" "rmvnorm" "jump.fun" "metropolis" 
"is.na" "all.equal.numeric" "all.equal" "isTRUE" "rmvnorm" "jump.fun" "metropolis" 
"all.equal.numeric" "all.equal" "isSymmetric.matrix" "isSymmetric" "rmvnorm" "jump.fun" "metropolis" 
"as.matrix" "chol.default" "chol" "rmvnorm" "jump.fun" "metropolis" 
"all.equal" "all.equal.list" "all.equal" "attr.all.equal" "all.equal.numeric" "all.equal" "isTRUE" "rmvnorm" "jump.fun" "metropolis" 
"eigen" "is.positive.semidefinite" "metropolis" 
"grep" "ll.fun" "metropolis" 
"lgamma" "dmultinom" "ll.infectiontimes.global" "ll.fun" "metropolis" 
"grepl" "jump.fun" "metropolis" 
"jump.fun" "metropolis" 
"chol.default" "chol" "rmvnorm" "jump.fun" "metropolis" 
"grepl" "jump.fun" "metropolis" 
"/" "metropolis" 
"all.equal.numeric" "all.equal" "isSymmetric.matrix" "isSymmetric" "rmvnorm" "jump.fun" "metropolis" 
"chol.default" "chol" "rmvnorm" "jump.fun" "metropolis" 
"-" "metropolis" 
"eigen" "is.positive.semidefinite" "metropolis" 
"eigen" "is.positive.semidefinite" "metropolis" 
"order" "attr.all.equal" "all.equal.numeric" "all.equal" "isTRUE" "rmvnorm" "jump.fun" "metropolis" 
"all.equal.numeric" "all.equal" "isTRUE" "rmvnorm" "jump.fun" "metropolis" 
"all.equal" "attr.all.equal" "all.equal.numeric" "all.equal" "isTRUE" "rmvnorm" "jump.fun" "metropolis" 
"all.equal" "attr.all.equal" "all.equal.numeric" "all.equal" "isTRUE" "rmvnorm" "jump.fun" "metropolis" 
"eigen" "is.positive.semidefinite" "metropolis" 
"data.class" "all.equal.numeric" "all.equal" "isTRUE" "rmvnorm" "jump.fun" "metropolis" 
"ifelse" "igCurve.current" "ll.fun" "metropolis" 
"eigen" "is.positive.semidefinite" "metropolis" 
"eigen" "is.positive.semidefinite" "metropolis" 
"isSymmetric.matrix" "isSymmetric" "rmvnorm" "jump.fun" "metropolis" 
"grepl" "jump.fun" "metropolis" 
"-" "metropolis" 
"eigen" "is.positive.semidefinite" "metropolis" 
"grepl" "jump.fun" "metropolis" 
"all" "eigen" "is.positive.semidefinite" "metropolis" 
"eigen" "is.positive.semidefinite" "metropolis" 
"grepl" "jump.fun" "metropolis" 
"eigen" "is.positive.semidefinite" "metropolis" 
"eigen" "is.positive.semidefinite" "metropolis" 
"grepl" "jump.fun" "metropolis" 
"eigen" "is.positive.semidefinite" "metropolis" 
"/" "metropolis" 
"all.equal" "attr.all.equal" "all.equal.numeric" "all.equal" "isTRUE" "rmvnorm" "jump.fun" "metropolis" 
"eigen" "is.positive.semidefinite" "metropolis" 
"eigen" "is.positive.semidefinite" "metropolis" 
"*" "metropolis" 
"all.equal.numeric" "all.equal" "isSymmetric.matrix" "isSymmetric" "rmvnorm" "jump.fun" "metropolis" 
"order" "rmvnorm" "jump.fun" "metropolis" 
"standardGeneric" "diag" "metropolis" 
"standardGeneric" "diag" "metropolis" 
"order" "rmvnorm" "jump.fun" "metropolis" 
"rmvnorm" "jump.fun" "metropolis" 
"rmvnorm" "jump.fun" "metropolis" 
"data.class" "all.equal.character" "attr.all.equal" "all.equal.list" "all.equal" "attr.all.equal" "all.equal.numeric" "all.equal" "isTRUE" "rmvnorm" "jump.fun" "metropolis" 
"eigen" "is.positive.semidefinite" "metropolis" 
"grep" "ll.fun" "metropolis" 
"eigen" "is.positive.semidefinite" "metropolis" 
"aperm" "sweep" "rmvnorm" "jump.fun" "metropolis" 
"assign" "loadMethod" "standardGeneric" "loadMethod" "standardGeneric" "t" "metropolis" 
"unlist" "order" "attr.all.equal" "all.equal.numeric" "all.equal" "isTRUE" "rmvnorm" "jump.fun" "metropolis" 
"jump.fun" "metropolis" 
"+" "metropolis" 
"eigen" "is.positive.semidefinite" "metropolis" 
"rmvnorm" "jump.fun" "metropolis" 
"-" "metropolis" 
"eigen" "is.positive.semidefinite" "metropolis" 
"as.vector" "all.equal.numeric" "all.equal" "isSymmetric.matrix" "isSymmetric" "rmvnorm" "jump.fun" "metropolis" 
"grepl" "jump.fun" "metropolis" 
"all.equal" "isSymmetric.matrix" "isSymmetric" "rmvnorm" "jump.fun" "metropolis" 
"+" "ifelse" "igCurve.current" "ll.fun" "metropolis" 
"eigen" "is.positive.semidefinite" "metropolis" 
"eigen" "is.positive.semidefinite" "metropolis" 
"eigen" "is.positive.semidefinite" "metropolis" 
"metropolis" 
"/" "metropolis" 
"standardGeneric" "t" "metropolis" 
"standardGeneric" "t" "metropolis" 
"/" "metropolis" 
"eigen" "is.positive.semidefinite" "metropolis" 
"colnames<-" "rmvnorm" "jump.fun" "metropolis" 
"dlnorm" "ll.na" "ll.fun" "metropolis" 
"chol.default" "chol" "rmvnorm" "jump.fun" "metropolis" 
"all.equal.numeric" "all.equal" "isSymmetric.matrix" "isSymmetric" "rmvnorm" "jump.fun" "metropolis" 
"eigen" "is.positive.semidefinite" "metropolis" 
"grep" "ll.fun" "metropolis" 
"eigen" "is.positive.semidefinite" "metropolis" 
"eigen" "is.positive.semidefinite" "metropolis" 
"runif" "metropolis" 
"grepl" "jump.fun" "metropolis" 
"grepl" "jump.fun" "metropolis" 
"order" "rmvnorm" "jump.fun" "metropolis" 
"order" "rmvnorm" "jump.fun" "metropolis" 
"rev" "eigen" "is.positive.semidefinite" "metropolis" 
"order" "aperm.default" "aperm" "sweep" "rmvnorm" "jump.fun" "metropolis" 
"match.fun" "lapply" "unlist" "order" "rmvnorm" "jump.fun" "metropolis" 
"all.equal" "isSymmetric.matrix" "isSymmetric" "rmvnorm" "jump.fun" "metropolis" 
"as.vector" "all.equal.numeric" "all.equal" "isTRUE" "rmvnorm" "jump.fun" "metropolis" 
"eigen" "is.positive.semidefinite" "metropolis" 
"*" "metropolis" 
"match.fun" "sweep" "rmvnorm" "jump.fun" "metropolis" 
"ifelse" "igCurve.current" "ll.fun" "metropolis" 
"all.equal.numeric" "all.equal" "isSymmetric.matrix" "isSymmetric" "rmvnorm" "jump.fun" "metropolis" 
"dmultinom" "ll.infectiontimes.global" "ll.fun" "metropolis" 
"rmvnorm" "jump.fun" "metropolis" 
"eigen" "is.positive.semidefinite" "metropolis" 
"standardGeneric" "t" "metropolis" 
"sweep" "rmvnorm" "jump.fun" "metropolis" 
"eigen" "is.positive.semidefinite" "metropolis" 
"as.matrix" "eigen" "is.positive.semidefinite" "metropolis" 
"ifelse" "igCurve.current" "ll.fun" "metropolis" 
"grepl" "jump.fun" "metropolis" 
"eigen" "is.positive.semidefinite" "metropolis" 
"dmultinom" "ll.infectiontimes.global" "ll.fun" "metropolis" 
"chol.default" "chol" "rmvnorm" "jump.fun" "metropolis" 
"eigen" "is.positive.semidefinite" "metropolis" 
"grepl" "jump.fun" "metropolis" 
"match.arg" "rmvnorm" "jump.fun" "metropolis" 
"eigen" "is.positive.semidefinite" "metropolis" 
"t.default" "t" "is.symmetric.matrix" "is.positive.semidefinite" "metropolis" 
"grepl" "jump.fun" "metropolis" 
"eigen" "is.positive.semidefinite" "metropolis" 
"eigen" "is.positive.semidefinite" "metropolis" 
"metropolis" 
".External" "rnorm" "matrix" "rmvnorm" "jump.fun" "metropolis" 
"eigen" "is.positive.semidefinite" "metropolis" 
"%in%" "deparse" "eval" "match.arg" "rmvnorm" "jump.fun" "metropolis" 
"/" "metropolis" 
"eigen" "is.positive.semidefinite" "metropolis" 
"eigen" "is.positive.semidefinite" "metropolis" 
"grepl" "jump.fun" "metropolis" 
"standardGeneric" "loadMethod" "standardGeneric" "t" "metropolis" 
"prod" "sweep" "rmvnorm" "jump.fun" "metropolis" 
"isSymmetric" "rmvnorm" "jump.fun" "metropolis" 
"tabulate" "ll.infectiontimes.global" "ll.fun" "metropolis" 
"grepl" "jump.fun" "metropolis" 
"all.equal.numeric" "all.equal" "isTRUE" "rmvnorm" "jump.fun" "metropolis" 
"eigen" "is.positive.semidefinite" "metropolis" 
"order" "rmvnorm" "jump.fun" "metropolis" 
"data.class" "all.equal.numeric" "all.equal" "isSymmetric.matrix" "isSymmetric" "rmvnorm" "jump.fun" "metropolis" 
"eigen" "is.positive.semidefinite" "metropolis" 
"dgamma" "sdlog.prior" "ll.fun" "metropolis" 
"eigen" "is.positive.semidefinite" "metropolis" 
"mode" "data.class" "all.equal.numeric" "all.equal" "all.equal.list" "all.equal" "attr.all.equal" "all.equal.numeric" "all.equal" "isTRUE" "rmvnorm" "jump.fun" "metropolis" 
"unlist" "order" "rmvnorm" "jump.fun" "metropolis" 
"t.default" "t" "mode" "attr.all.equal" "all.equal.numeric" "all.equal" "isTRUE" "rmvnorm" "jump.fun" "metropolis" 
"eigen" "is.positive.semidefinite" "metropolis" 
"eigen" "is.positive.semidefinite" "metropolis" 
"eigen" "is.positive.semidefinite" "metropolis" 
"standardGeneric" "loadMethod" "standardGeneric" "diag" "metropolis" 
"standardGeneric" "loadMethod" "standardGeneric" "diag" "metropolis" 
"eigen" "is.positive.semidefinite" "metropolis" 
"grepl" "jump.fun" "metropolis" 
"all.equal.numeric" "all.equal" "isTRUE" "rmvnorm" "jump.fun" "metropolis" 
"all.equal.numeric" "all.equal" "isSymmetric.matrix" "isSymmetric" "rmvnorm" "jump.fun" "metropolis" 
"grep" "ll.fun" "metropolis" 
"eigen" "is.positive.semidefinite" "metropolis" 
"eigen" "is.positive.semidefinite" "metropolis" 
"%*%" "metropolis" 
"igCurve.current" "ll.fun" "metropolis" 
"eigen" "is.positive.semidefinite" "metropolis" 
"%*%" "metropolis" 
"all.equal.numeric" "all.equal" "isSymmetric.matrix" "isSymmetric" "rmvnorm" "jump.fun" "metropolis" 
"%*%" "metropolis" 
"all.equal.numeric" "all.equal" "isSymmetric.matrix" "isSymmetric" "rmvnorm" "jump.fun" "metropolis" 
"eigen" "is.positive.semidefinite" "metropolis" 
"t" "mode" "attr.all.equal" "all.equal.numeric" "all.equal" "isTRUE" "rmvnorm" "jump.fun" "metropolis" 
"eigen" "is.positive.semidefinite" "metropolis" 
"t" "standardGeneric" "t" "metropolis" 
"rmvnorm" "jump.fun" "metropolis" 
"eigen" "is.positive.semidefinite" "metropolis" 
"eigen" "is.positive.semidefinite" "metropolis" 
"%*%" "metropolis" 
"eigen" "is.positive.semidefinite" "metropolis" 
".External" "dlnorm" "curve.pars.prior" "ll.fun" "metropolis" 
".External" "dlnorm" "curve.pars.prior" "ll.fun" "metropolis" 
".External" "rnorm" "matrix" "rmvnorm" "jump.fun" "metropolis" 
"rev" "eigen" "is.positive.semidefinite" "metropolis" 
"c" "jump.fun" "metropolis" 
"dmultinom" "ll.infectiontimes.global" "ll.fun" "metropolis" 
"all.equal.numeric" "all.equal" "isTRUE" "rmvnorm" "jump.fun" "metropolis" 
".External" "dlnorm" "ll.na" "ll.fun" "metropolis" 
"grepl" "jump.fun" "metropolis" 
"grepl" "jump.fun" "metropolis" 
"is.data.frame" "colnames<-" "rmvnorm" "jump.fun" "metropolis" 
"grep" "ll.fun" "metropolis" 
"sys.function" "formals" "match.arg" "rmvnorm" "jump.fun" "metropolis" 
"is.na" "all.equal.numeric" "all.equal" "isSymmetric.matrix" "isSymmetric" "rmvnorm" "jump.fun" "metropolis" 
"grepl" "jump.fun" "metropolis" 
"rmvnorm" "jump.fun" "metropolis" 
"aperm" "sweep" "rmvnorm" "jump.fun" "metropolis" 
"grepl" "jump.fun" "metropolis" 
"ifelse" "bactLoad.current" "ll.fun" "metropolis" 
"grepl" "jump.fun" "metropolis" 
"exp" "metropolis" 
"ifelse" "igCurve.current" "ll.fun" "metropolis" 
"as.matrix" "chol.default" "chol" "rmvnorm" "jump.fun" "metropolis" 
"all" "all.equal.numeric" "all.equal" "isSymmetric.matrix" "isSymmetric" "rmvnorm" "jump.fun" "metropolis" 
"grepl" "jump.fun" "metropolis" 
"match.arg" "rmvnorm" "jump.fun" "metropolis" 
"lgamma" "dmultinom" "ll.infectiontimes.global" "ll.fun" "metropolis" 
"order" "rmvnorm" "jump.fun" "metropolis" 
"grepl" "jump.fun" "metropolis" 
"ifelse" "igCurve.current" "ll.fun" "metropolis" 
"grep" "ll.fun" "metropolis" 
"all.equal.numeric" "all.equal" "isSymmetric.matrix" "isSymmetric" "rmvnorm" "jump.fun" "metropolis" 
"ifelse" "bactLoad.current" "ll.fun" "metropolis" 
"grep" "ll.fun" "metropolis" 
"all.equal.numeric" "all.equal" "isSymmetric.matrix" "isSymmetric" "rmvnorm" "jump.fun" "metropolis" 
"isSymmetric" "rmvnorm" "jump.fun" "metropolis" 
"all.equal.numeric" "all.equal" "isTRUE" "rmvnorm" "jump.fun" "metropolis" 
"ll.fun" "metropolis" 
"match" "%in%" "deparse" "eval" "match.arg" "rmvnorm" "jump.fun" "metropolis" 
"ll.fun" "metropolis" 
"ll.fun" "metropolis" 
"all.equal.numeric" "all.equal" "isTRUE" "rmvnorm" "jump.fun" "metropolis" 
"ifelse" "bactLoad.current" "ll.fun" "metropolis" 
"grepl" "jump.fun" "metropolis" 
"all.equal.numeric" "all.equal" "isTRUE" "rmvnorm" "jump.fun" "metropolis" 
"any" "order" "attr.all.equal" "all.equal.numeric" "all.equal" "isTRUE" "rmvnorm" "jump.fun" "metropolis" 
"grepl" "jump.fun" "metropolis" 
"grepl" "jump.fun" "metropolis" 
"ifelse" "igCurve.current" "ll.fun" "metropolis" 
"chol.default" "chol" "rmvnorm" "jump.fun" "metropolis" 
"/" "jump.fun" "metropolis" 
"jump.fun" "metropolis" 
"grepl" "jump.fun" "metropolis" 
"grep" "ll.fun" "metropolis" 
"grep" "ll.fun" "metropolis" 
"ll.fun" "metropolis" 
"all.equal.numeric" "all.equal" "isSymmetric.matrix" "isSymmetric" "rmvnorm" "jump.fun" "metropolis" 
"as.vector" "all.equal.numeric" "all.equal" "isSymmetric.matrix" "isSymmetric" "rmvnorm" "jump.fun" "metropolis" 
"pmatch" "match.arg" "rmvnorm" "jump.fun" "metropolis" 
"is.na" "all.equal.numeric" "all.equal" "isTRUE" "rmvnorm" "jump.fun" "metropolis" 
"all.equal.numeric" "all.equal" "isSymmetric.matrix" "isSymmetric" "rmvnorm" "jump.fun" "metropolis" 
"order" "rmvnorm" "jump.fun" "metropolis" 
"eval" "match.arg" "rmvnorm" "jump.fun" "metropolis" 
"grep" "ll.fun" "metropolis" 
"diag" "standardGeneric" "diag" "jump.fun" "metropolis" 
"jump.fun" "metropolis" 
"colnames<-" "rmvnorm" "jump.fun" "metropolis" 
"grep" "ll.fun" "metropolis" 
"dmultinom" "ll.infectiontimes.global" "ll.fun" "metropolis" 
"%*%" "rmvnorm" "jump.fun" "metropolis" 
"diag" "standardGeneric" "diag" "jump.fun" "metropolis" 
"grepl" "jump.fun" "metropolis" 
"aperm" "sweep" "rmvnorm" "jump.fun" "metropolis" 
"order" "rmvnorm" "jump.fun" "metropolis" 
"match.fun" "lapply" "unlist" "order" "attr.all.equal" "all.equal.numeric" "all.equal" "isTRUE" "rmvnorm" "jump.fun" "metropolis" 
"attr.all.equal" "all.equal.numeric" "all.equal" "isTRUE" "rmvnorm" "jump.fun" "metropolis" 
"grepl" "jump.fun" "metropolis" 
"ll.fun" "metropolis" 
"as.vector" "all.equal.numeric" "all.equal" "isTRUE" "rmvnorm" "jump.fun" "metropolis" 
"grepl" "jump.fun" "metropolis" 
"ifelse" "igCurve.current" "ll.fun" "metropolis" 
"all.equal.numeric" "all.equal" "isTRUE" "rmvnorm" "jump.fun" "metropolis" 
"grepl" "jump.fun" "metropolis" 
"pmatch" ".deparseOpts" "deparse" "eval" "match.arg" "rmvnorm" "jump.fun" "metropolis" 
"grepl" "jump.fun" "metropolis" 
"*" "jump.fun" "metropolis" 
"assign" "loadMethod" "standardGeneric" "loadMethod" "standardGeneric" "diag" "jump.fun" "metropolis" 
"eval" "eval" "match.arg" "rmvnorm" "jump.fun" "metropolis" 
"all.equal.numeric" "all.equal" "isTRUE" "rmvnorm" "jump.fun" "metropolis" 
"grepl" "jump.fun" "metropolis" 
"all.equal.numeric" "all.equal" "isTRUE" "rmvnorm" "jump.fun" "metropolis" 
"invlogit" "ll.fun" "metropolis" 
"sum" "dmultinom" "ll.infectiontimes.global" "ll.fun" "metropolis" 
"ifelse" "igCurve.current" "ll.fun" "metropolis" 
"+" "tabulate" "ll.infectiontimes.global" "ll.fun" "metropolis" 
"is.na" "all.equal.numeric" "all.equal" "isTRUE" "rmvnorm" "jump.fun" "metropolis" 
"dlnorm" "curve.pars.prior" "ll.fun" "metropolis" 
"all.equal.numeric" "all.equal" "isTRUE" "rmvnorm" "jump.fun" "metropolis" 
"all.equal.numeric" "all.equal" "isTRUE" "rmvnorm" "jump.fun" "metropolis" 
"grep" "ll.fun" "metropolis" 
"as.matrix" "chol.default" "chol" "rmvnorm" "jump.fun" "metropolis" 
"/" "jump.fun" "metropolis" 
"as.vector" "all.equal.numeric" "all.equal" "isTRUE" "rmvnorm" "jump.fun" "metropolis" 
"order" "rmvnorm" "jump.fun" "metropolis" 
"all.equal.numeric" "all.equal" "isSymmetric.matrix" "isSymmetric" "rmvnorm" "jump.fun" "metropolis" 
"order" "rmvnorm" "jump.fun" "metropolis" 
"order" "rmvnorm" "jump.fun" "metropolis" 
"order" "rmvnorm" "jump.fun" "metropolis" 
"is.nan" "ll.fun" "metropolis" 
"metropolis" 
"grepl" "jump.fun" "metropolis" 
"rnorm" "matrix" "rmvnorm" "jump.fun" "metropolis" 
"ifelse" "bactLoad.current" "ll.fun" "metropolis" 
"grepl" "jump.fun" "metropolis" 
"<" "ll.infectiontimes.global" "ll.fun" "metropolis" 
"grepl" "jump.fun" "metropolis" 
"grep" "ll.fun" "metropolis" 
"chol.default" "chol" "rmvnorm" "jump.fun" "metropolis" 
"chol.default" "chol" "rmvnorm" "jump.fun" "metropolis" 
"all.equal.numeric" "all.equal" "isSymmetric.matrix" "isSymmetric" "rmvnorm" "jump.fun" "metropolis" 
"grep" "ll.fun" "metropolis" 
"grepl" "jump.fun" "metropolis" 
"dmultinom" "ll.infectiontimes.global" "ll.fun" "metropolis" 
"ifelse" "bactLoad.current" "ll.fun" "metropolis" 
"t.default" "t" "mode" "attr.all.equal" "all.equal.numeric" "all.equal" "isTRUE" "rmvnorm" "jump.fun" "metropolis" 
"rmvnorm" "jump.fun" "metropolis" 
".Call" "cov" "metropolis" 
"as.vector" "all.equal.numeric" "all.equal" "isTRUE" "rmvnorm" "jump.fun" "metropolis" 
"eigen" "is.positive.semidefinite" "metropolis" 
"t.default" "t" "mode" "attr.all.equal" "all.equal.numeric" "all.equal" "isTRUE" "rmvnorm" "jump.fun" "metropolis" 
"grepl" "jump.fun" "metropolis" 
"all.equal.numeric" "all.equal" "isSymmetric.matrix" "isSymmetric" "rmvnorm" "jump.fun" "metropolis" 
"eigen" "is.positive.semidefinite" "metropolis" 
"/" "ifelse" "igCurve.current" "ll.fun" "metropolis" 
"eigen" "is.positive.semidefinite" "metropolis" 
"ifelse" "igCurve.current" "ll.fun" "metropolis" 
"c" "jump.fun" "metropolis" 
"invlogit" "ll.fun" "metropolis" 
"eigen" "is.positive.semidefinite" "metropolis" 
"dlnorm" "curve.pars.prior" "ll.fun" "metropolis" 
"is.symmetric.matrix" "is.positive.semidefinite" "metropolis" 
"eigen" "is.positive.semidefinite" "metropolis" 
"unlist" "order" "attr.all.equal" "all.equal.numeric" "all.equal" "isTRUE" "rmvnorm" "jump.fun" "metropolis" 
"nrow" "is.symmetric.matrix" "is.positive.semidefinite" "metropolis" 
"eigen" "is.positive.semidefinite" "metropolis" 
"eigen" "is.positive.semidefinite" "metropolis" 
"rmvnorm" "jump.fun" "metropolis" 
"eigen" "is.positive.semidefinite" "metropolis" 
"order" "rmvnorm" "jump.fun" "metropolis" 
"sdlog.prior" "ll.fun" "metropolis" 
"data.class" "all.equal.numeric" "all.equal" "all.equal.list" "all.equal" "attr.all.equal" "all.equal.numeric" "all.equal" "isTRUE" "rmvnorm" "jump.fun" "metropolis" 
"metropolis" 
"all.equal.numeric" "all.equal" "isTRUE" "rmvnorm" "jump.fun" "metropolis" 
"eigen" "is.positive.semidefinite" "metropolis" 
"eigen" "is.positive.semidefinite" "metropolis" 
"eigen" "is.positive.semidefinite" "metropolis" 
"eigen" "is.positive.semidefinite" "metropolis" 
"eigen" "is.positive.semidefinite" "metropolis" 
"mode" "attr.all.equal" "all.equal.numeric" "all.equal" "all.equal.list" "all.equal" "attr.all.equal" "all.equal.numeric" "all.equal" "isTRUE" "rmvnorm" "jump.fun" "metropolis" 
"rmvnorm" "jump.fun" "metropolis" 
"as.matrix.default" "as.matrix" "chol.default" "chol" "rmvnorm" "jump.fun" "metropolis" 
"eigen" "is.positive.semidefinite" "metropolis" 
"t.default" "t" "data.class" "all.equal.numeric" "all.equal" "isSymmetric.matrix" "isSymmetric" "rmvnorm" "jump.fun" "metropolis" 
"rmvnorm" "jump.fun" "metropolis" 
"t.default" "t" "mode" "attr.all.equal" "all.equal.numeric" "all.equal" "isTRUE" "rmvnorm" "jump.fun" "metropolis" 
"eigen" "is.positive.semidefinite" "metropolis" 
"any" "all.equal.numeric" "all.equal" "isTRUE" "rmvnorm" "jump.fun" "metropolis" 
"is.na" "all.equal.numeric" "all.equal" "isSymmetric.matrix" "isSymmetric" "rmvnorm" "jump.fun" "metropolis" 
"eigen" "is.positive.semidefinite" "metropolis" 
"*" "metropolis" 
"eigen" "is.positive.semidefinite" "metropolis" 
"ll.infectiontimes.global" "ll.fun" "metropolis" 
"grep" "ll.fun" "metropolis" 
"attr.all.equal" "all.equal.character" "attr.all.equal" "all.equal.list" "all.equal" "attr.all.equal" "all.equal.numeric" "all.equal" "isTRUE" "rmvnorm" "jump.fun" "metropolis" 
"attr.all.equal" "all.equal.character" "attr.all.equal" "all.equal.list" "all.equal" "attr.all.equal" "all.equal.numeric" "all.equal" "isTRUE" "rmvnorm" "jump.fun" "metropolis" 
"ll.infectiontimes.global" "ll.fun" "metropolis" 
"is.positive.semidefinite" "metropolis" 
"eigen" "is.positive.semidefinite" "metropolis" 
"assign" "loadMethod" "standardGeneric" "loadMethod" "standardGeneric" "t" "metropolis" 
"grepl" "jump.fun" "metropolis" 
"rmvnorm" "jump.fun" "metropolis" 
"grepl" "jump.fun" "metropolis" 
"eigen" "is.positive.semidefinite" "metropolis" 
"all.equal.numeric" "all.equal" "isTRUE" "rmvnorm" "jump.fun" "metropolis" 
"as.vector" "all.equal.numeric" "all.equal" "isTRUE" "rmvnorm" "jump.fun" "metropolis" 
"all.equal.numeric" "all.equal" "isSymmetric.matrix" "isSymmetric" "rmvnorm" "jump.fun" "metropolis" 
"eigen" "is.positive.semidefinite" "metropolis" 
"standardGeneric" "t" "metropolis" 
"metropolis" 
"ifelse" "bactLoad.current" "ll.fun" "metropolis" 
"grep" "ll.fun" "metropolis" 
"isTRUE" "isSymmetric.matrix" "isSymmetric" "rmvnorm" "jump.fun" "metropolis" 
"eigen" "is.positive.semidefinite" "metropolis" 
"eigen" "is.positive.semidefinite" "metropolis" 
"eigen" "is.positive.semidefinite" "metropolis" 
"lapply" "unlist" "order" "rmvnorm" "jump.fun" "metropolis" 
"chol.default" "chol" "rmvnorm" "jump.fun" "metropolis" 
"order" "rmvnorm" "jump.fun" "metropolis" 
"t" "data.class" "all.equal.numeric" "all.equal" "isSymmetric.matrix" "isSymmetric" "rmvnorm" "jump.fun" "metropolis" 
"t" "data.class" "all.equal.numeric" "all.equal" "isSymmetric.matrix" "isSymmetric" "rmvnorm" "jump.fun" "metropolis" 
"ifelse" "igCurve.current" "ll.fun" "metropolis" 
"ifelse" "igCurve.current" "ll.fun" "metropolis" 
"metropolis" 
"grep" "ll.fun" "metropolis" 
"all.equal.numeric" "all.equal" "isSymmetric.matrix" "isSymmetric" "rmvnorm" "jump.fun" "metropolis" 
"%*%" "metropolis" 
"grep" "ll.fun" "metropolis" 
"parent.frame" "match.fun" "sweep" "rmvnorm" "jump.fun" "metropolis" 
"eigen" "is.positive.semidefinite" "metropolis" 
"lgamma" "dmultinom" "ll.infectiontimes.global" "ll.fun" "metropolis" 
"c" "jump.fun" "metropolis" 
"all.equal.numeric" "all.equal" "isTRUE" "rmvnorm" "jump.fun" "metropolis" 
"eigen" "is.positive.semidefinite" "metropolis" 
"grepl" "jump.fun" "metropolis" 
"all.equal.numeric" "all.equal" "isTRUE" "rmvnorm" "jump.fun" "metropolis" 
"eigen" "is.positive.semidefinite" "metropolis" 
"eigen" "is.positive.semidefinite" "metropolis" 
"deparse" "eval" "match.arg" "rmvnorm" "jump.fun" "metropolis" 
"eigen" "is.positive.semidefinite" "metropolis" 
"eigen" "is.positive.semidefinite" "metropolis" 
"grepl" "jump.fun" "metropolis" 
"eigen" "is.positive.semidefinite" "metropolis" 
"metropolis" 
"assign" "loadMethod" "standardGeneric" "loadMethod" "standardGeneric" "t" "metropolis" 
"eigen" "is.positive.semidefinite" "metropolis" 
"paste" "jump.fun" "metropolis" 
"all.equal" "all.equal.list" "all.equal" "attr.all.equal" "all.equal.numeric" "all.equal" "isTRUE" "rmvnorm" "jump.fun" "metropolis" 
"+" "ll.fun" "metropolis" 
"%*%" "rmvnorm" "jump.fun" "metropolis" 
"eigen" "is.positive.semidefinite" "metropolis" 
"eigen" "is.positive.semidefinite" "metropolis" 
"chol.default" "chol" "rmvnorm" "jump.fun" "metropolis" 
"eigen" "is.positive.semidefinite" "metropolis" 
"eigen" "is.positive.semidefinite" "metropolis" 
"eigen" "is.positive.semidefinite" "metropolis" 
"matrix" "rmvnorm" "jump.fun" "metropolis" 
"eigen" "is.positive.semidefinite" "metropolis" 
"%*%" "metropolis" 
"grep" "ll.fun" "metropolis" 
"all.equal.numeric" "all.equal" "isTRUE" "rmvnorm" "jump.fun" "metropolis" 
"eigen" "is.positive.semidefinite" "metropolis" 
"ifelse" "bactLoad.current" "ll.fun" "metropolis" 
"grepl" "jump.fun" "metropolis" 
"all.equal" "isTRUE" "rmvnorm" "jump.fun" "metropolis" 
"t" "is.symmetric.matrix" "is.positive.semidefinite" "metropolis" 
"curve.pars.prior" "ll.fun" "metropolis" 
"order" "rmvnorm" "jump.fun" "metropolis" 
"dmultinom" "ll.infectiontimes.global" "ll.fun" "metropolis" 
"dmultinom" "ll.infectiontimes.global" "ll.fun" "metropolis" 
"order" "aperm.default" "aperm" "sweep" "rmvnorm" "jump.fun" "metropolis" 
"grep" "ll.fun" "metropolis" 
"grepl" "jump.fun" "metropolis" 
"all.equal.numeric" "all.equal" "isSymmetric.matrix" "isSymmetric" "rmvnorm" "jump.fun" "metropolis" 
"eigen" "is.positive.semidefinite" "metropolis" 
"grepl" "jump.fun" "metropolis" 
"all.equal" "all.equal.list" "all.equal" "attr.all.equal" "all.equal.numeric" "all.equal" "isTRUE" "rmvnorm" "jump.fun" "metropolis" 
"eigen" "is.positive.semidefinite" "metropolis" 
"eigen" "is.positive.semidefinite" "metropolis" 
"attr.all.equal" "all.equal.numeric" "all.equal" "all.equal.list" "all.equal" "attr.all.equal" "all.equal.numeric" "all.equal" "isTRUE" "rmvnorm" "jump.fun" "metropolis" 
"eigen" "is.positive.semidefinite" "metropolis" 
"metropolis" 
"grep" "ll.fun" "metropolis" 
"eigen" "is.positive.semidefinite" "metropolis" 
"%*%" "metropolis" 
"grep" "ll.fun" "metropolis" 
"any" "all.equal.numeric" "all.equal" "isTRUE" "rmvnorm" "jump.fun" "metropolis" 
"eigen" "is.positive.semidefinite" "metropolis" 
"grepl" "jump.fun" "metropolis" 
"all.equal.numeric" "all.equal" "isTRUE" "rmvnorm" "jump.fun" "metropolis" 
"grep" "ll.fun" "metropolis" 
"chol" "rmvnorm" "jump.fun" "metropolis" 
"standardGeneric" "t" "metropolis" 
"jump.fun" "metropolis" 
"jump.fun" "metropolis" 
"ifelse" "igCurve.current" "ll.fun" "metropolis" 
"grep" "ll.fun" "metropolis" 
"grep" "ll.fun" "metropolis" 
"as.integer" "diag" "standardGeneric" "diag" "metropolis" 
"grep" "ll.fun" "metropolis" 
"jump.fun" "metropolis" 
"chol.default" "chol" "rmvnorm" "jump.fun" "metropolis" 
"grepl" "jump.fun" "metropolis" 
"is.positive.semidefinite" "metropolis" 
"eigen" "is.positive.semidefinite" "metropolis" 
"+" "metropolis" 
"all.equal.numeric" "all.equal" "isSymmetric.matrix" "isSymmetric" "rmvnorm" "jump.fun" "metropolis" 
"eigen" "is.positive.semidefinite" "metropolis" 
"eigen" "is.positive.semidefinite" "metropolis" 
"/" "metropolis" 
"grep" "ll.fun" "metropolis" 
"as.matrix" "eigen" "is.positive.semidefinite" "metropolis" 
".External" "runif" "metropolis" 
"ifelse" "igCurve.current" "ll.fun" "metropolis" 
"order" "rmvnorm" "jump.fun" "metropolis" 
"order" "rmvnorm" "jump.fun" "metropolis" 
"order" "rmvnorm" "jump.fun" "metropolis" 
"%*%" "metropolis" 
"grep" "ll.fun" "metropolis" 
"all.equal" "all.equal.list" "all.equal" "attr.all.equal" "all.equal.numeric" "all.equal" "isTRUE" "rmvnorm" "jump.fun" "metropolis" 
"ifelse" "igCurve.current" "ll.fun" "metropolis" 
"grep" "ll.fun" "metropolis" 
"grepl" "jump.fun" "metropolis" 
"t.default" "t" "mode" "attr.all.equal" "all.equal.numeric" "all.equal" "isTRUE" "rmvnorm" "jump.fun" "metropolis" 
"eigen" "is.positive.semidefinite" "metropolis" 
"grepl" "jump.fun" "metropolis" 
"rev" "eigen" "is.positive.semidefinite" "metropolis" 
"eigen" "is.positive.semidefinite" "metropolis" 
"eigen" "is.positive.semidefinite" "metropolis" 
"rmvnorm" "jump.fun" "metropolis" 
"eigen" "is.positive.semidefinite" "metropolis" 
"eigen" "is.positive.semidefinite" "metropolis" 
"grep" "ll.fun" "metropolis" 
"eigen" "is.positive.semidefinite" "metropolis" 
"standardGeneric" "t" "metropolis" 
"get" "match.fun" "sweep" "rmvnorm" "jump.fun" "metropolis" 
"t" "data.class" "all.equal.numeric" "all.equal" "isSymmetric.matrix" "isSymmetric" "rmvnorm" "jump.fun" "metropolis" 
"loadMethod" "standardGeneric" "loadMethod" "standardGeneric" "t" "metropolis" 
"chol.default" "chol" "rmvnorm" "jump.fun" "metropolis" 
"eigen" "is.positive.semidefinite" "metropolis" 
"eigen" "is.positive.semidefinite" "metropolis" 
"igCurve" "ll.fun" "metropolis" 
"eigen" "is.positive.semidefinite" "metropolis" 
"standardGeneric" "loadMethod" "standardGeneric" "t" "metropolis" 
"standardGeneric" "loadMethod" "standardGeneric" "t" "metropolis" 
"t.default" "t" "data.class" "all.equal.numeric" "all.equal" "isSymmetric.matrix" "isSymmetric" "rmvnorm" "jump.fun" "metropolis" 
"grep" "ll.fun" "metropolis" 
"t.default" "t" "is.symmetric.matrix" "is.positive.semidefinite" "metropolis" 
"grep" "ll.fun" "metropolis" 
"all.equal.numeric" "all.equal" "isTRUE" "rmvnorm" "jump.fun" "metropolis" 
"eigen" "is.positive.semidefinite" "metropolis" 
"/" "metropolis" 
"all.equal.numeric" "all.equal" "isTRUE" "rmvnorm" "jump.fun" "metropolis" 
"eigen" "is.positive.semidefinite" "metropolis" 
"eigen" "is.positive.semidefinite" "metropolis" 
"*" "metropolis" 
"eigen" "is.positive.semidefinite" "metropolis" 
"eigen" "is.positive.semidefinite" "metropolis" 
"ifelse" "bactLoad.current" "ll.fun" "metropolis" 
"order" "aperm.default" "aperm" "sweep" "rmvnorm" "jump.fun" "metropolis" 
"mode" "data.class" "all.equal.character" "attr.all.equal" "all.equal.list" "all.equal" "attr.all.equal" "all.equal.numeric" "all.equal" "isTRUE" "rmvnorm" "jump.fun" "metropolis" 
"is.na" "all.equal.numeric" "all.equal" "isSymmetric.matrix" "isSymmetric" "rmvnorm" "jump.fun" "metropolis" 
"order" "rmvnorm" "jump.fun" "metropolis" 
"cat" "metropolis" 
"is.square.matrix" "is.positive.semidefinite" "metropolis" 
"ifelse" "bactLoad.current" "ll.fun" "metropolis" 
"grepl" "jump.fun" "metropolis" 
"chol.default" "chol" "rmvnorm" "jump.fun" "metropolis" 
